#
# There is insufficient memory for the Java Runtime Environment to continue.
# Native memory allocation (malloc) failed to allocate 1200160 bytes for Chunk::new
# Possible reasons:
#   The system is out of physical RAM or swap space
#   The process is running with CompressedOops enabled, and the Java Heap may be blocking the growth of the native heap
# Possible solutions:
#   Reduce memory load on the system
#   Increase physical memory or swap space
#   Check if swap backing store is full
#   Decrease Java heap size (-Xmx/-Xms)
#   Decrease number of Java threads
#   Decrease Java thread stack sizes (-Xss)
#   Set larger code cache with -XX:ReservedCodeCacheSize=
#   JVM is running with Zero Based Compressed Oops mode in which the Java heap is
#     placed in the first 32GB address space. The Java Heap base address is the
#     maximum limit for the native heap growth. Please use -XX:HeapBaseMinAddress
#     to set the Java Heap base and to place the Java Heap above 32GB virtual address.
# This output file may be truncated or incomplete.
#
#  Out of Memory Error (arena.cpp:168), pid=13096, tid=16144
#
# JRE version: Java(TM) SE Runtime Environment (21.0.2+13) (build 21.0.2+13-LTS-58)
# Java VM: Java HotSpot(TM) 64-Bit Server VM (21.0.2+13-LTS-58, mixed mode, sharing, tiered, compressed oops, compressed class ptrs, g1 gc, windows-amd64)
# No core dump will be written. Minidumps are not enabled by default on client versions of Windows
#

---------------  S U M M A R Y ------------

Command Line: --enable-native-access=ALL-UNNAMED -Dclassworlds.conf=C:\Users\LEGION\.m2\wrapper\dists\apache-maven-3.9.12\59fe215c0ad6947fea90184bf7add084544567b927287592651fda3782e0e798\bin\m2.conf -Dmaven.home=C:\Users\LEGION\.m2\wrapper\dists\apache-maven-3.9.12\59fe215c0ad6947fea90184bf7add084544567b927287592651fda3782e0e798 -Dlibrary.jansi.path=C:\Users\LEGION\.m2\wrapper\dists\apache-maven-3.9.12\59fe215c0ad6947fea90184bf7add084544567b927287592651fda3782e0e798\lib\jansi-native -Dmaven.multiModuleProjectDirectory=D:\HKII-2025-2026\KTTKPM_Nhom15_BE org.codehaus.plexus.classworlds.launcher.Launcher clean compile

Host: AMD Ryzen 5 5600H with Radeon Graphics         , 12 cores, 13G,  Windows 11 , 64 bit Build 26100 (10.0.26100.7920)
Time: Sat Mar 21 00:33:34 2026 SE Asia Standard Time elapsed time: 3.787490 seconds (0d 0h 0m 3s)

---------------  T H R E A D  ---------------

Current thread (0x00000219a4572e50):  JavaThread "C2 CompilerThread2" daemon [_thread_in_native, id=16144, stack(0x0000004f85300000,0x0000004f85400000) (1024K)]


Current CompileTask:
C2:   3787 4663       4       org.apache.maven.model.interpolation.StringVisitorModelInterpolator$ModelVisitor::visit (231 bytes)

Stack: [0x0000004f85300000,0x0000004f85400000]
Native frames: (J=compiled Java code, j=interpreted, Vv=VM code, C=native code)
V  [jvm.dll+0x6cade9]
V  [jvm.dll+0x8569c1]
V  [jvm.dll+0x858d2e]
V  [jvm.dll+0x859413]
V  [jvm.dll+0x280e56]
V  [jvm.dll+0xc3f3d]
V  [jvm.dll+0xc4473]
V  [jvm.dll+0x3b5c2c]
V  [jvm.dll+0x1e2013]
V  [jvm.dll+0x249d22]
V  [jvm.dll+0x2491b1]
V  [jvm.dll+0x1c9634]
V  [jvm.dll+0x258859]
V  [jvm.dll+0x256e3a]
V  [jvm.dll+0x3ef6c6]
V  [jvm.dll+0x7ff568]
V  [jvm.dll+0x6c953d]
C  [ucrtbase.dll+0x37b0]
C  [KERNEL32.DLL+0x2e8d7]
C  [ntdll.dll+0x8c48c]


---------------  P R O C E S S  ---------------

Threads class SMR info:
_java_thread_list=0x00000219eaf26970, length=14, elements={
0x00000219839554c0, 0x00000219a4423820, 0x00000219a4424df0, 0x00000219a4426620,
0x00000219a4429460, 0x00000219a4428650, 0x00000219a4568490, 0x00000219a456b810,
0x00000219a45720b0, 0x00000219a46ba530, 0x00000219a46bed80, 0x00000219a4572780,
0x00000219a4572e50, 0x00000219eb097a80
}

Java Threads: ( => current thread )
  0x00000219839554c0 JavaThread "main"                              [_thread_in_native, id=4316, stack(0x0000004f84000000,0x0000004f84100000) (1024K)]
  0x00000219a4423820 JavaThread "Reference Handler"          daemon [_thread_blocked, id=18360, stack(0x0000004f84800000,0x0000004f84900000) (1024K)]
  0x00000219a4424df0 JavaThread "Finalizer"                  daemon [_thread_blocked, id=15612, stack(0x0000004f84900000,0x0000004f84a00000) (1024K)]
  0x00000219a4426620 JavaThread "Signal Dispatcher"          daemon [_thread_blocked, id=30360, stack(0x0000004f84a00000,0x0000004f84b00000) (1024K)]
  0x00000219a4429460 JavaThread "Attach Listener"            daemon [_thread_blocked, id=20956, stack(0x0000004f84b00000,0x0000004f84c00000) (1024K)]
  0x00000219a4428650 JavaThread "Service Thread"             daemon [_thread_blocked, id=27860, stack(0x0000004f84c00000,0x0000004f84d00000) (1024K)]
  0x00000219a4568490 JavaThread "Monitor Deflation Thread"   daemon [_thread_blocked, id=29624, stack(0x0000004f84d00000,0x0000004f84e00000) (1024K)]
  0x00000219a456b810 JavaThread "C2 CompilerThread0"         daemon [_thread_blocked, id=8324, stack(0x0000004f84e00000,0x0000004f84f00000) (1024K)]
  0x00000219a45720b0 JavaThread "C1 CompilerThread0"         daemon [_thread_blocked, id=29920, stack(0x0000004f84f00000,0x0000004f85000000) (1024K)]
  0x00000219a46ba530 JavaThread "Notification Thread"        daemon [_thread_blocked, id=23580, stack(0x0000004f85000000,0x0000004f85100000) (1024K)]
  0x00000219a46bed80 JavaThread "Common-Cleaner"             daemon [_thread_blocked, id=25352, stack(0x0000004f85100000,0x0000004f85200000) (1024K)]
  0x00000219a4572780 JavaThread "C2 CompilerThread1"         daemon [_thread_blocked, id=16660, stack(0x0000004f85200000,0x0000004f85300000) (1024K)]
=>0x00000219a4572e50 JavaThread "C2 CompilerThread2"         daemon [_thread_in_native, id=16144, stack(0x0000004f85300000,0x0000004f85400000) (1024K)]
  0x00000219eb097a80 JavaThread "Thread-1"                   daemon [_thread_blocked, id=8552, stack(0x0000004f85d00000,0x0000004f85e00000) (1024K)]
Total: 14

Other Threads:
  0x00000219a4400520 VMThread "VM Thread"                           [id=9996, stack(0x0000004f84700000,0x0000004f84800000) (1024K)]
  0x00000219a43e5840 WatcherThread "VM Periodic Task Thread"        [id=4240, stack(0x0000004f84600000,0x0000004f84700000) (1024K)]
  0x00000219839ac0a0 WorkerThread "GC Thread#0"                     [id=26080, stack(0x0000004f84100000,0x0000004f84200000) (1024K)]
  0x00000219ea6f2130 WorkerThread "GC Thread#1"                     [id=21464, stack(0x0000004f85400000,0x0000004f85500000) (1024K)]
  0x00000219ea6f28e0 WorkerThread "GC Thread#2"                     [id=7548, stack(0x0000004f85500000,0x0000004f85600000) (1024K)]
  0x00000219ea25f010 WorkerThread "GC Thread#3"                     [id=8804, stack(0x0000004f85600000,0x0000004f85700000) (1024K)]
  0x00000219ea25f7b0 WorkerThread "GC Thread#4"                     [id=28784, stack(0x0000004f85700000,0x0000004f85800000) (1024K)]
  0x00000219ea29ef40 WorkerThread "GC Thread#5"                     [id=13216, stack(0x0000004f85800000,0x0000004f85900000) (1024K)]
  0x00000219ea2426d0 WorkerThread "GC Thread#6"                     [id=27424, stack(0x0000004f85900000,0x0000004f85a00000) (1024K)]
  0x00000219eab1e7b0 WorkerThread "GC Thread#7"                     [id=9056, stack(0x0000004f85a00000,0x0000004f85b00000) (1024K)]
  0x00000219eac2cbe0 WorkerThread "GC Thread#8"                     [id=16304, stack(0x0000004f85b00000,0x0000004f85c00000) (1024K)]
  0x00000219eac2b280 WorkerThread "GC Thread#9"                     [id=11824, stack(0x0000004f85c00000,0x0000004f85d00000) (1024K)]
  0x00000219839bac50 ConcurrentGCThread "G1 Main Marker"            [id=28688, stack(0x0000004f84200000,0x0000004f84300000) (1024K)]
  0x00000219839bd290 WorkerThread "G1 Conc#0"                       [id=31336, stack(0x0000004f84300000,0x0000004f84400000) (1024K)]
  0x00000219a42bb270 ConcurrentGCThread "G1 Refine#0"               [id=21676, stack(0x0000004f84400000,0x0000004f84500000) (1024K)]
  0x00000219a42bba90 ConcurrentGCThread "G1 Service"                [id=15684, stack(0x0000004f84500000,0x0000004f84600000) (1024K)]
Total: 16

Threads with active compile tasks:
C2 CompilerThread2     3811 4663       4       org.apache.maven.model.interpolation.StringVisitorModelInterpolator$ModelVisitor::visit (231 bytes)
Total: 1

VM state: not at safepoint (normal execution)

VM Mutex/Monitor currently owned by a thread: None

Heap address: 0x0000000722400000, size: 3548 MB, Compressed Oops mode: Zero based, Oop shift amount: 3

CDS archive(s) mapped at: [0x00000219a5000000-0x00000219a5c90000-0x00000219a5c90000), size 13172736, SharedBaseAddress: 0x00000219a5000000, ArchiveRelocationMode: 1.
Compressed class space mapped at: 0x00000219a6000000-0x00000219e6000000, reserved size: 1073741824
Narrow klass base: 0x00000219a5000000, Narrow klass shift: 0, Narrow klass range: 0x100000000

GC Precious Log:
 CardTable entry size: 512
 Card Set container configuration: InlinePtr #cards 4 size 8 Array Of Cards #cards 16 size 48 Howl #buckets 8 coarsen threshold 3686 Howl Bitmap #cards 512 size 80 coarsen threshold 460 Card regions per heap region 1 cards per card region 4096
 CPUs: 12 total, 12 available
 Memory: 14188M
 Large Page Support: Disabled
 NUMA Support: Disabled
 Compressed Oops: Enabled (Zero based)
 Heap Region Size: 2M
 Heap Min Capacity: 8M
 Heap Initial Capacity: 222M
 Heap Max Capacity: 3548M
 Pre-touch: Disabled
 Parallel Workers: 10
 Concurrent Workers: 3
 Concurrent Refinement Workers: 10
 Periodic GC: Disabled

Heap:
 garbage-first heap   total 227328K, used 22005K [0x0000000722400000, 0x0000000800000000)
  region size 2048K, 10 young (20480K), 6 survivors (12288K)
 Metaspace       used 17611K, committed 17984K, reserved 1114112K
  class space    used 2007K, committed 2176K, reserved 1048576K

Heap Regions: E=young(eden), S=young(survivor), O=old, HS=humongous(starts), HC=humongous(continues), CS=collection set, F=free, TAMS=top-at-mark-start, PB=parsable bottom
|   0|0x0000000722400000, 0x0000000722600000, 0x0000000722600000|100%| O|  |TAMS 0x0000000722400000| PB 0x0000000722400000| Untracked 
|   1|0x0000000722600000, 0x00000007227c3878, 0x0000000722800000| 88%| O|  |TAMS 0x0000000722600000| PB 0x0000000722600000| Untracked 
|   2|0x0000000722800000, 0x0000000722800000, 0x0000000722a00000|  0%| F|  |TAMS 0x0000000722800000| PB 0x0000000722800000| Untracked 
|   3|0x0000000722a00000, 0x0000000722a00000, 0x0000000722c00000|  0%| F|  |TAMS 0x0000000722a00000| PB 0x0000000722a00000| Untracked 
|   4|0x0000000722c00000, 0x0000000722c00000, 0x0000000722e00000|  0%| F|  |TAMS 0x0000000722c00000| PB 0x0000000722c00000| Untracked 
|   5|0x0000000722e00000, 0x0000000722e00000, 0x0000000723000000|  0%| F|  |TAMS 0x0000000722e00000| PB 0x0000000722e00000| Untracked 
|   6|0x0000000723000000, 0x0000000723000000, 0x0000000723200000|  0%| F|  |TAMS 0x0000000723000000| PB 0x0000000723000000| Untracked 
|   7|0x0000000723200000, 0x0000000723200000, 0x0000000723400000|  0%| F|  |TAMS 0x0000000723200000| PB 0x0000000723200000| Untracked 
|   8|0x0000000723400000, 0x0000000723400000, 0x0000000723600000|  0%| F|  |TAMS 0x0000000723400000| PB 0x0000000723400000| Untracked 
|   9|0x0000000723600000, 0x0000000723600000, 0x0000000723800000|  0%| F|  |TAMS 0x0000000723600000| PB 0x0000000723600000| Untracked 
|  10|0x0000000723800000, 0x0000000723800000, 0x0000000723a00000|  0%| F|  |TAMS 0x0000000723800000| PB 0x0000000723800000| Untracked 
|  11|0x0000000723a00000, 0x0000000723a00000, 0x0000000723c00000|  0%| F|  |TAMS 0x0000000723a00000| PB 0x0000000723a00000| Untracked 
|  12|0x0000000723c00000, 0x0000000723c00000, 0x0000000723e00000|  0%| F|  |TAMS 0x0000000723c00000| PB 0x0000000723c00000| Untracked 
|  13|0x0000000723e00000, 0x0000000723e00000, 0x0000000724000000|  0%| F|  |TAMS 0x0000000723e00000| PB 0x0000000723e00000| Untracked 
|  14|0x0000000724000000, 0x0000000724000000, 0x0000000724200000|  0%| F|  |TAMS 0x0000000724000000| PB 0x0000000724000000| Untracked 
|  15|0x0000000724200000, 0x0000000724200000, 0x0000000724400000|  0%| F|  |TAMS 0x0000000724200000| PB 0x0000000724200000| Untracked 
|  16|0x0000000724400000, 0x0000000724400000, 0x0000000724600000|  0%| F|  |TAMS 0x0000000724400000| PB 0x0000000724400000| Untracked 
|  17|0x0000000724600000, 0x0000000724600000, 0x0000000724800000|  0%| F|  |TAMS 0x0000000724600000| PB 0x0000000724600000| Untracked 
|  18|0x0000000724800000, 0x0000000724800000, 0x0000000724a00000|  0%| F|  |TAMS 0x0000000724800000| PB 0x0000000724800000| Untracked 
|  19|0x0000000724a00000, 0x0000000724a00000, 0x0000000724c00000|  0%| F|  |TAMS 0x0000000724a00000| PB 0x0000000724a00000| Untracked 
|  20|0x0000000724c00000, 0x0000000724c00000, 0x0000000724e00000|  0%| F|  |TAMS 0x0000000724c00000| PB 0x0000000724c00000| Untracked 
|  21|0x0000000724e00000, 0x0000000724e00000, 0x0000000725000000|  0%| F|  |TAMS 0x0000000724e00000| PB 0x0000000724e00000| Untracked 
|  22|0x0000000725000000, 0x0000000725000000, 0x0000000725200000|  0%| F|  |TAMS 0x0000000725000000| PB 0x0000000725000000| Untracked 
|  23|0x0000000725200000, 0x0000000725200000, 0x0000000725400000|  0%| F|  |TAMS 0x0000000725200000| PB 0x0000000725200000| Untracked 
|  24|0x0000000725400000, 0x0000000725400000, 0x0000000725600000|  0%| F|  |TAMS 0x0000000725400000| PB 0x0000000725400000| Untracked 
|  25|0x0000000725600000, 0x0000000725600000, 0x0000000725800000|  0%| F|  |TAMS 0x0000000725600000| PB 0x0000000725600000| Untracked 
|  26|0x0000000725800000, 0x0000000725800000, 0x0000000725a00000|  0%| F|  |TAMS 0x0000000725800000| PB 0x0000000725800000| Untracked 
|  27|0x0000000725a00000, 0x0000000725a00000, 0x0000000725c00000|  0%| F|  |TAMS 0x0000000725a00000| PB 0x0000000725a00000| Untracked 
|  28|0x0000000725c00000, 0x0000000725c00000, 0x0000000725e00000|  0%| F|  |TAMS 0x0000000725c00000| PB 0x0000000725c00000| Untracked 
|  29|0x0000000725e00000, 0x0000000725e00000, 0x0000000726000000|  0%| F|  |TAMS 0x0000000725e00000| PB 0x0000000725e00000| Untracked 
|  30|0x0000000726000000, 0x0000000726000000, 0x0000000726200000|  0%| F|  |TAMS 0x0000000726000000| PB 0x0000000726000000| Untracked 
|  31|0x0000000726200000, 0x0000000726200000, 0x0000000726400000|  0%| F|  |TAMS 0x0000000726200000| PB 0x0000000726200000| Untracked 
|  32|0x0000000726400000, 0x0000000726400000, 0x0000000726600000|  0%| F|  |TAMS 0x0000000726400000| PB 0x0000000726400000| Untracked 
|  33|0x0000000726600000, 0x0000000726600000, 0x0000000726800000|  0%| F|  |TAMS 0x0000000726600000| PB 0x0000000726600000| Untracked 
|  34|0x0000000726800000, 0x0000000726800000, 0x0000000726a00000|  0%| F|  |TAMS 0x0000000726800000| PB 0x0000000726800000| Untracked 
|  35|0x0000000726a00000, 0x0000000726a00000, 0x0000000726c00000|  0%| F|  |TAMS 0x0000000726a00000| PB 0x0000000726a00000| Untracked 
|  36|0x0000000726c00000, 0x0000000726c00000, 0x0000000726e00000|  0%| F|  |TAMS 0x0000000726c00000| PB 0x0000000726c00000| Untracked 
|  37|0x0000000726e00000, 0x0000000726e00000, 0x0000000727000000|  0%| F|  |TAMS 0x0000000726e00000| PB 0x0000000726e00000| Untracked 
|  38|0x0000000727000000, 0x0000000727000000, 0x0000000727200000|  0%| F|  |TAMS 0x0000000727000000| PB 0x0000000727000000| Untracked 
|  39|0x0000000727200000, 0x00000007273b9cc0, 0x0000000727400000| 86%| S|CS|TAMS 0x0000000727200000| PB 0x0000000727200000| Complete 
|  40|0x0000000727400000, 0x0000000727600000, 0x0000000727600000|100%| S|CS|TAMS 0x0000000727400000| PB 0x0000000727400000| Complete 
|  41|0x0000000727600000, 0x0000000727800000, 0x0000000727800000|100%| S|CS|TAMS 0x0000000727600000| PB 0x0000000727600000| Complete 
|  42|0x0000000727800000, 0x0000000727a00000, 0x0000000727a00000|100%| S|CS|TAMS 0x0000000727800000| PB 0x0000000727800000| Complete 
|  43|0x0000000727a00000, 0x0000000727c00000, 0x0000000727c00000|100%| S|CS|TAMS 0x0000000727a00000| PB 0x0000000727a00000| Complete 
|  44|0x0000000727c00000, 0x0000000727e00000, 0x0000000727e00000|100%| S|CS|TAMS 0x0000000727c00000| PB 0x0000000727c00000| Complete 
|  45|0x0000000727e00000, 0x0000000727e00000, 0x0000000728000000|  0%| F|  |TAMS 0x0000000727e00000| PB 0x0000000727e00000| Untracked 
|  46|0x0000000728000000, 0x0000000728000000, 0x0000000728200000|  0%| F|  |TAMS 0x0000000728000000| PB 0x0000000728000000| Untracked 
|  47|0x0000000728200000, 0x0000000728200000, 0x0000000728400000|  0%| F|  |TAMS 0x0000000728200000| PB 0x0000000728200000| Untracked 
|  48|0x0000000728400000, 0x0000000728400000, 0x0000000728600000|  0%| F|  |TAMS 0x0000000728400000| PB 0x0000000728400000| Untracked 
|  49|0x0000000728600000, 0x0000000728600000, 0x0000000728800000|  0%| F|  |TAMS 0x0000000728600000| PB 0x0000000728600000| Untracked 
|  50|0x0000000728800000, 0x0000000728800000, 0x0000000728a00000|  0%| F|  |TAMS 0x0000000728800000| PB 0x0000000728800000| Untracked 
|  51|0x0000000728a00000, 0x0000000728a00000, 0x0000000728c00000|  0%| F|  |TAMS 0x0000000728a00000| PB 0x0000000728a00000| Untracked 
|  52|0x0000000728c00000, 0x0000000728c00000, 0x0000000728e00000|  0%| F|  |TAMS 0x0000000728c00000| PB 0x0000000728c00000| Untracked 
|  53|0x0000000728e00000, 0x0000000728e00000, 0x0000000729000000|  0%| F|  |TAMS 0x0000000728e00000| PB 0x0000000728e00000| Untracked 
|  54|0x0000000729000000, 0x0000000729000000, 0x0000000729200000|  0%| F|  |TAMS 0x0000000729000000| PB 0x0000000729000000| Untracked 
|  55|0x0000000729200000, 0x0000000729200000, 0x0000000729400000|  0%| F|  |TAMS 0x0000000729200000| PB 0x0000000729200000| Untracked 
|  56|0x0000000729400000, 0x0000000729400000, 0x0000000729600000|  0%| F|  |TAMS 0x0000000729400000| PB 0x0000000729400000| Untracked 
|  57|0x0000000729600000, 0x0000000729600000, 0x0000000729800000|  0%| F|  |TAMS 0x0000000729600000| PB 0x0000000729600000| Untracked 
|  58|0x0000000729800000, 0x0000000729800000, 0x0000000729a00000|  0%| F|  |TAMS 0x0000000729800000| PB 0x0000000729800000| Untracked 
|  59|0x0000000729a00000, 0x0000000729a00000, 0x0000000729c00000|  0%| F|  |TAMS 0x0000000729a00000| PB 0x0000000729a00000| Untracked 
|  60|0x0000000729c00000, 0x0000000729c00000, 0x0000000729e00000|  0%| F|  |TAMS 0x0000000729c00000| PB 0x0000000729c00000| Untracked 
|  61|0x0000000729e00000, 0x0000000729e00000, 0x000000072a000000|  0%| F|  |TAMS 0x0000000729e00000| PB 0x0000000729e00000| Untracked 
|  62|0x000000072a000000, 0x000000072a000000, 0x000000072a200000|  0%| F|  |TAMS 0x000000072a000000| PB 0x000000072a000000| Untracked 
|  63|0x000000072a200000, 0x000000072a200000, 0x000000072a400000|  0%| F|  |TAMS 0x000000072a200000| PB 0x000000072a200000| Untracked 
|  64|0x000000072a400000, 0x000000072a400000, 0x000000072a600000|  0%| F|  |TAMS 0x000000072a400000| PB 0x000000072a400000| Untracked 
|  65|0x000000072a600000, 0x000000072a600000, 0x000000072a800000|  0%| F|  |TAMS 0x000000072a600000| PB 0x000000072a600000| Untracked 
|  66|0x000000072a800000, 0x000000072a800000, 0x000000072aa00000|  0%| F|  |TAMS 0x000000072a800000| PB 0x000000072a800000| Untracked 
|  67|0x000000072aa00000, 0x000000072aa00000, 0x000000072ac00000|  0%| F|  |TAMS 0x000000072aa00000| PB 0x000000072aa00000| Untracked 
|  68|0x000000072ac00000, 0x000000072ac00000, 0x000000072ae00000|  0%| F|  |TAMS 0x000000072ac00000| PB 0x000000072ac00000| Untracked 
|  69|0x000000072ae00000, 0x000000072ae00000, 0x000000072b000000|  0%| F|  |TAMS 0x000000072ae00000| PB 0x000000072ae00000| Untracked 
|  70|0x000000072b000000, 0x000000072b000000, 0x000000072b200000|  0%| F|  |TAMS 0x000000072b000000| PB 0x000000072b000000| Untracked 
|  71|0x000000072b200000, 0x000000072b200000, 0x000000072b400000|  0%| F|  |TAMS 0x000000072b200000| PB 0x000000072b200000| Untracked 
|  72|0x000000072b400000, 0x000000072b400000, 0x000000072b600000|  0%| F|  |TAMS 0x000000072b400000| PB 0x000000072b400000| Untracked 
|  73|0x000000072b600000, 0x000000072b600000, 0x000000072b800000|  0%| F|  |TAMS 0x000000072b600000| PB 0x000000072b600000| Untracked 
|  74|0x000000072b800000, 0x000000072b800000, 0x000000072ba00000|  0%| F|  |TAMS 0x000000072b800000| PB 0x000000072b800000| Untracked 
|  75|0x000000072ba00000, 0x000000072ba00000, 0x000000072bc00000|  0%| F|  |TAMS 0x000000072ba00000| PB 0x000000072ba00000| Untracked 
|  76|0x000000072bc00000, 0x000000072bc00000, 0x000000072be00000|  0%| F|  |TAMS 0x000000072bc00000| PB 0x000000072bc00000| Untracked 
|  77|0x000000072be00000, 0x000000072be00000, 0x000000072c000000|  0%| F|  |TAMS 0x000000072be00000| PB 0x000000072be00000| Untracked 
|  78|0x000000072c000000, 0x000000072c000000, 0x000000072c200000|  0%| F|  |TAMS 0x000000072c000000| PB 0x000000072c000000| Untracked 
|  79|0x000000072c200000, 0x000000072c200000, 0x000000072c400000|  0%| F|  |TAMS 0x000000072c200000| PB 0x000000072c200000| Untracked 
|  80|0x000000072c400000, 0x000000072c400000, 0x000000072c600000|  0%| F|  |TAMS 0x000000072c400000| PB 0x000000072c400000| Untracked 
|  81|0x000000072c600000, 0x000000072c600000, 0x000000072c800000|  0%| F|  |TAMS 0x000000072c600000| PB 0x000000072c600000| Untracked 
|  82|0x000000072c800000, 0x000000072c800000, 0x000000072ca00000|  0%| F|  |TAMS 0x000000072c800000| PB 0x000000072c800000| Untracked 
|  83|0x000000072ca00000, 0x000000072ca00000, 0x000000072cc00000|  0%| F|  |TAMS 0x000000072ca00000| PB 0x000000072ca00000| Untracked 
|  84|0x000000072cc00000, 0x000000072cc00000, 0x000000072ce00000|  0%| F|  |TAMS 0x000000072cc00000| PB 0x000000072cc00000| Untracked 
|  85|0x000000072ce00000, 0x000000072ce00000, 0x000000072d000000|  0%| F|  |TAMS 0x000000072ce00000| PB 0x000000072ce00000| Untracked 
|  86|0x000000072d000000, 0x000000072d000000, 0x000000072d200000|  0%| F|  |TAMS 0x000000072d000000| PB 0x000000072d000000| Untracked 
|  87|0x000000072d200000, 0x000000072d200000, 0x000000072d400000|  0%| F|  |TAMS 0x000000072d200000| PB 0x000000072d200000| Untracked 
|  88|0x000000072d400000, 0x000000072d400000, 0x000000072d600000|  0%| F|  |TAMS 0x000000072d400000| PB 0x000000072d400000| Untracked 
|  89|0x000000072d600000, 0x000000072d600000, 0x000000072d800000|  0%| F|  |TAMS 0x000000072d600000| PB 0x000000072d600000| Untracked 
|  90|0x000000072d800000, 0x000000072d800000, 0x000000072da00000|  0%| F|  |TAMS 0x000000072d800000| PB 0x000000072d800000| Untracked 
|  91|0x000000072da00000, 0x000000072da00000, 0x000000072dc00000|  0%| F|  |TAMS 0x000000072da00000| PB 0x000000072da00000| Untracked 
|  92|0x000000072dc00000, 0x000000072dc00000, 0x000000072de00000|  0%| F|  |TAMS 0x000000072dc00000| PB 0x000000072dc00000| Untracked 
|  93|0x000000072de00000, 0x000000072de00000, 0x000000072e000000|  0%| F|  |TAMS 0x000000072de00000| PB 0x000000072de00000| Untracked 
|  94|0x000000072e000000, 0x000000072e000000, 0x000000072e200000|  0%| F|  |TAMS 0x000000072e000000| PB 0x000000072e000000| Untracked 
|  95|0x000000072e200000, 0x000000072e200000, 0x000000072e400000|  0%| F|  |TAMS 0x000000072e200000| PB 0x000000072e200000| Untracked 
|  96|0x000000072e400000, 0x000000072e400000, 0x000000072e600000|  0%| F|  |TAMS 0x000000072e400000| PB 0x000000072e400000| Untracked 
|  97|0x000000072e600000, 0x000000072e600000, 0x000000072e800000|  0%| F|  |TAMS 0x000000072e600000| PB 0x000000072e600000| Untracked 
|  98|0x000000072e800000, 0x000000072e800000, 0x000000072ea00000|  0%| F|  |TAMS 0x000000072e800000| PB 0x000000072e800000| Untracked 
|  99|0x000000072ea00000, 0x000000072ea00000, 0x000000072ec00000|  0%| F|  |TAMS 0x000000072ea00000| PB 0x000000072ea00000| Untracked 
| 100|0x000000072ec00000, 0x000000072ec00000, 0x000000072ee00000|  0%| F|  |TAMS 0x000000072ec00000| PB 0x000000072ec00000| Untracked 
| 101|0x000000072ee00000, 0x000000072ee00000, 0x000000072f000000|  0%| F|  |TAMS 0x000000072ee00000| PB 0x000000072ee00000| Untracked 
| 102|0x000000072f000000, 0x000000072f000000, 0x000000072f200000|  0%| F|  |TAMS 0x000000072f000000| PB 0x000000072f000000| Untracked 
| 103|0x000000072f200000, 0x000000072f200000, 0x000000072f400000|  0%| F|  |TAMS 0x000000072f200000| PB 0x000000072f200000| Untracked 
| 104|0x000000072f400000, 0x000000072f400000, 0x000000072f600000|  0%| F|  |TAMS 0x000000072f400000| PB 0x000000072f400000| Untracked 
| 105|0x000000072f600000, 0x000000072f600000, 0x000000072f800000|  0%| F|  |TAMS 0x000000072f600000| PB 0x000000072f600000| Untracked 
| 106|0x000000072f800000, 0x000000072f800000, 0x000000072fa00000|  0%| F|  |TAMS 0x000000072f800000| PB 0x000000072f800000| Untracked 
| 107|0x000000072fa00000, 0x000000072fc00000, 0x000000072fc00000|100%| E|  |TAMS 0x000000072fa00000| PB 0x000000072fa00000| Complete 
| 108|0x000000072fc00000, 0x000000072fe00000, 0x000000072fe00000|100%| E|CS|TAMS 0x000000072fc00000| PB 0x000000072fc00000| Complete 
| 109|0x000000072fe00000, 0x0000000730000000, 0x0000000730000000|100%| E|CS|TAMS 0x000000072fe00000| PB 0x000000072fe00000| Complete 
| 110|0x0000000730000000, 0x0000000730200000, 0x0000000730200000|100%| E|CS|TAMS 0x0000000730000000| PB 0x0000000730000000| Complete 

Card table byte_map: [0x000002199d8d0000,0x000002199dfc0000] _byte_map_base: 0x0000021999fbe000

Marking Bits: (CMBitMap*) 0x00000219839ac5b0
 Bits: [0x000002199dfc0000, 0x00000219a1730000)

Polling page: 0x00000219838a0000

Metaspace:

Usage:
  Non-class:     15.24 MB used.
      Class:      1.96 MB used.
       Both:     17.20 MB used.

Virtual space:
  Non-class space:       64.00 MB reserved,      15.44 MB ( 24%) committed,  1 nodes.
      Class space:        1.00 GB reserved,       2.12 MB ( <1%) committed,  1 nodes.
             Both:        1.06 GB reserved,      17.56 MB (  2%) committed. 

Chunk freelists:
   Non-Class:  560.00 KB
       Class:  13.78 MB
        Both:  14.33 MB

MaxMetaspaceSize: unlimited
CompressedClassSpaceSize: 1.00 GB
Initial GC threshold: 21.00 MB
Current GC threshold: 21.00 MB
CDS: on
 - commit_granule_bytes: 65536.
 - commit_granule_words: 8192.
 - virtual_space_node_default_size: 8388608.
 - enlarge_chunks_in_place: 1.
 - use_allocation_guard: 0.


Internal statistics:

num_allocs_failed_limit: 0.
num_arena_births: 166.
num_arena_deaths: 0.
num_vsnodes_births: 2.
num_vsnodes_deaths: 0.
num_space_committed: 281.
num_space_uncommitted: 0.
num_chunks_returned_to_freelist: 0.
num_chunks_taken_from_freelist: 777.
num_chunk_merges: 0.
num_chunk_splits: 535.
num_chunks_enlarged: 433.
num_inconsistent_stats: 0.

CodeHeap 'non-profiled nmethods': size=120000Kb used=2616Kb max_used=2616Kb free=117383Kb
 bounds [0x0000021995030000, 0x00000219952c0000, 0x000002199c560000]
CodeHeap 'profiled nmethods': size=120000Kb used=10407Kb max_used=10407Kb free=109592Kb
 bounds [0x000002198d560000, 0x000002198df90000, 0x0000021994a90000]
CodeHeap 'non-nmethods': size=5760Kb used=1410Kb max_used=1470Kb free=4349Kb
 bounds [0x0000021994a90000, 0x0000021994d00000, 0x0000021995030000]
 total_blobs=5304 nmethods=4801 adapters=407
 compilation: enabled
              stopped_count=0, restarted_count=0
 full_count=0

Compilation events (20 events):
Event: 2.770 Thread 0x00000219a45720b0 nmethod 4783 0x000002198df73910 code [0x000002198df73ac0, 0x000002198df73d50]
Event: 2.774 Thread 0x00000219a45720b0 4786       3       java.util.regex.Pattern::split (325 bytes)
Event: 2.774 Thread 0x00000219a4572780 4788       4       java.util.regex.Matcher::search (154 bytes)
Event: 2.775 Thread 0x00000219a456b810 4790       4       org.apache.maven.model.merge.ModelMerger::mergePlugin_GroupId (41 bytes)
Event: 2.776 Thread 0x00000219a45720b0 nmethod 4786 0x000002198df73e90 code [0x000002198df744c0, 0x000002198df785a8]
Event: 2.776 Thread 0x00000219a45720b0 4787       3       java.util.HashMap::putVal (300 bytes)
Event: 2.777 Thread 0x00000219a45720b0 nmethod 4787 0x000002198df79a10 code [0x000002198df79ce0, 0x000002198df7af00]
Event: 2.777 Thread 0x00000219a45720b0 4794       3       org.codehaus.plexus.interpolation.reflection.ClassMap::makeMethodKey (239 bytes)
Event: 2.778 Thread 0x00000219a45720b0 nmethod 4794 0x000002198df7b390 code [0x000002198df7b740, 0x000002198df7d170]
Event: 2.778 Thread 0x00000219a45720b0 4792       3       org.codehaus.plexus.interpolation.reflection.ClassMap::getPublicMethod (29 bytes)
Event: 2.778 Thread 0x00000219a45720b0 nmethod 4792 0x000002198df7d910 code [0x000002198df7db00, 0x000002198df7df28]
Event: 2.778 Thread 0x00000219a45720b0 4793       3       org.codehaus.plexus.interpolation.reflection.MethodMap::add (44 bytes)
Event: 2.779 Thread 0x00000219a45720b0 nmethod 4793 0x000002198df7e090 code [0x000002198df7e2a0, 0x000002198df7ea60]
Event: 2.779 Thread 0x00000219a45720b0 4791       3       org.apache.maven.model.Organization::setLocation (156 bytes)
Event: 2.779 Thread 0x00000219a45720b0 nmethod 4791 0x000002198df7ed10 code [0x000002198df7efe0, 0x000002198df800e0]
Event: 2.780 Thread 0x00000219a45720b0 4789       3       org.apache.maven.model.merge.ModelMerger::merge (45 bytes)
Event: 2.780 Thread 0x00000219a45720b0 nmethod 4789 0x000002198df80490 code [0x000002198df806a0, 0x000002198df80d60]
Event: 2.780 Thread 0x00000219a4572780 nmethod 4788 0x00000219952bbb90 code [0x00000219952bbd40, 0x00000219952bc138]
Event: 2.782 Thread 0x00000219a4572780 4795       4       java.util.LinkedHashMap$LinkedKeyIterator::next (8 bytes)
Event: 2.789 Thread 0x00000219a45720b0 4796       3       org.apache.maven.model.Organization::<init> (5 bytes)

GC Heap History (6 events):
Event: 0.456 GC heap before
{Heap before GC invocations=0 (full 0):
 garbage-first heap   total 227328K, used 22528K [0x0000000722400000, 0x0000000800000000)
  region size 2048K, 11 young (22528K), 0 survivors (0K)
 Metaspace       used 5562K, committed 5760K, reserved 1114112K
  class space    used 648K, committed 768K, reserved 1048576K
}
Event: 0.460 GC heap after
{Heap after GC invocations=1 (full 0):
 garbage-first heap   total 227328K, used 3815K [0x0000000722400000, 0x0000000800000000)
  region size 2048K, 2 young (4096K), 2 survivors (4096K)
 Metaspace       used 5562K, committed 5760K, reserved 1114112K
  class space    used 648K, committed 768K, reserved 1048576K
}
Event: 0.879 GC heap before
{Heap before GC invocations=1 (full 0):
 garbage-first heap   total 227328K, used 36583K [0x0000000722400000, 0x0000000800000000)
  region size 2048K, 18 young (36864K), 2 survivors (4096K)
 Metaspace       used 9568K, committed 9728K, reserved 1114112K
  class space    used 1134K, committed 1216K, reserved 1048576K
}
Event: 0.882 GC heap after
{Heap after GC invocations=2 (full 0):
 garbage-first heap   total 227328K, used 5703K [0x0000000722400000, 0x0000000800000000)
  region size 2048K, 1 young (2048K), 1 survivors (2048K)
 Metaspace       used 9568K, committed 9728K, reserved 1114112K
  class space    used 1134K, committed 1216K, reserved 1048576K
}
Event: 2.718 GC heap before
{Heap before GC invocations=2 (full 0):
 garbage-first heap   total 227328K, used 136775K [0x0000000722400000, 0x0000000800000000)
  region size 2048K, 66 young (135168K), 1 survivors (2048K)
 Metaspace       used 17104K, committed 17408K, reserved 1114112K
  class space    used 1967K, committed 2112K, reserved 1048576K
}
Event: 2.727 GC heap after
{Heap after GC invocations=3 (full 0):
 garbage-first heap   total 227328K, used 15861K [0x0000000722400000, 0x0000000800000000)
  region size 2048K, 6 young (12288K), 6 survivors (12288K)
 Metaspace       used 17104K, committed 17408K, reserved 1114112K
  class space    used 1967K, committed 2112K, reserved 1048576K
}

Dll operation events (8 events):
Event: 0.005 Loaded shared library C:\Program Files\Java\jdk-21\bin\java.dll
Event: 0.025 Loaded shared library C:\Program Files\Java\jdk-21\bin\jsvml.dll
Event: 0.036 Loaded shared library C:\Program Files\Java\jdk-21\bin\net.dll
Event: 0.038 Loaded shared library C:\Program Files\Java\jdk-21\bin\nio.dll
Event: 0.040 Loaded shared library C:\Program Files\Java\jdk-21\bin\zip.dll
Event: 0.147 Loaded shared library C:\Program Files\Java\jdk-21\bin\jimage.dll
Event: 0.147 Loaded shared library C:\Users\LEGION\.m2\wrapper\dists\apache-maven-3.9.12\59fe215c0ad6947fea90184bf7add084544567b927287592651fda3782e0e798\lib\jansi-native\Windows\x86_64\jansi.dll
Event: 0.154 Loaded shared library C:\Program Files\Java\jdk-21\bin\verify.dll

Deoptimization events (20 events):
Event: 2.714 Thread 0x00000219839554c0 DEOPT PACKING pc=0x00000219952ae574 sp=0x0000004f840fe080
Event: 2.714 Thread 0x00000219839554c0 DEOPT UNPACKING pc=0x0000021994ae46a2 sp=0x0000004f840fe020 mode 2
Event: 2.714 Thread 0x00000219839554c0 Uncommon trap: trap_request=0xffffffbe fr.pc=0x00000219952ae574 relative=0x0000000000000254
Event: 2.714 Thread 0x00000219839554c0 Uncommon trap: reason=profile_predicate action=maybe_recompile pc=0x00000219952ae574 method=java.util.HashMap.keysToArray([Ljava/lang/Object;)[Ljava/lang/Object; @ 36 c2
Event: 2.714 Thread 0x00000219839554c0 DEOPT PACKING pc=0x00000219952ae574 sp=0x0000004f840fe080
Event: 2.714 Thread 0x00000219839554c0 DEOPT UNPACKING pc=0x0000021994ae46a2 sp=0x0000004f840fe020 mode 2
Event: 2.714 Thread 0x00000219839554c0 Uncommon trap: trap_request=0xffffffbe fr.pc=0x00000219952ae574 relative=0x0000000000000254
Event: 2.714 Thread 0x00000219839554c0 Uncommon trap: reason=profile_predicate action=maybe_recompile pc=0x00000219952ae574 method=java.util.HashMap.keysToArray([Ljava/lang/Object;)[Ljava/lang/Object; @ 36 c2
Event: 2.714 Thread 0x00000219839554c0 DEOPT PACKING pc=0x00000219952ae574 sp=0x0000004f840fe080
Event: 2.714 Thread 0x00000219839554c0 DEOPT UNPACKING pc=0x0000021994ae46a2 sp=0x0000004f840fe020 mode 2
Event: 2.714 Thread 0x00000219839554c0 Uncommon trap: trap_request=0xffffffbe fr.pc=0x00000219952ae574 relative=0x0000000000000254
Event: 2.714 Thread 0x00000219839554c0 Uncommon trap: reason=profile_predicate action=maybe_recompile pc=0x00000219952ae574 method=java.util.HashMap.keysToArray([Ljava/lang/Object;)[Ljava/lang/Object; @ 36 c2
Event: 2.714 Thread 0x00000219839554c0 DEOPT PACKING pc=0x00000219952ae574 sp=0x0000004f840fe080
Event: 2.714 Thread 0x00000219839554c0 DEOPT UNPACKING pc=0x0000021994ae46a2 sp=0x0000004f840fe020 mode 2
Event: 2.736 Thread 0x00000219839554c0 Uncommon trap: trap_request=0xffffff45 fr.pc=0x00000219951d1ff4 relative=0x00000000000007d4
Event: 2.736 Thread 0x00000219839554c0 Uncommon trap: reason=unstable_if action=reinterpret pc=0x00000219951d1ff4 method=java.util.HashMap.putVal(ILjava/lang/Object;Ljava/lang/Object;ZZ)Ljava/lang/Object; @ 193 c2
Event: 2.736 Thread 0x00000219839554c0 DEOPT PACKING pc=0x00000219951d1ff4 sp=0x0000004f840fc380
Event: 2.736 Thread 0x00000219839554c0 DEOPT UNPACKING pc=0x0000021994ae46a2 sp=0x0000004f840fc300 mode 2
Event: 2.774 Thread 0x00000219839554c0 DEOPT PACKING pc=0x000002198db18a81 sp=0x0000004f840fd0c0
Event: 2.774 Thread 0x00000219839554c0 DEOPT UNPACKING pc=0x0000021994ae4e42 sp=0x0000004f840fc560 mode 0

Classes loaded (20 events):
Event: 2.529 Loading class sun/nio/fs/BasicFileAttributesHolder done
Event: 2.529 Loading class sun/nio/fs/WindowsPath$WindowsPathWithAttributes done
Event: 2.624 Loading class sun/nio/fs/WindowsException
Event: 2.624 Loading class sun/nio/fs/WindowsException done
Event: 2.731 Loading class java/lang/Character$UnicodeBlock
Event: 2.732 Loading class java/lang/Character$Subset
Event: 2.732 Loading class java/lang/Character$Subset done
Event: 2.732 Loading class java/lang/Character$UnicodeBlock done
Event: 2.754 Loading class sun/nio/cs/UTF_8$Encoder
Event: 2.754 Loading class sun/nio/cs/UTF_8$Encoder done
Event: 2.755 Loading class sun/nio/ch/ChannelOutputStream
Event: 2.755 Loading class sun/nio/ch/ChannelOutputStream done
Event: 2.759 Loading class java/io/CharArrayWriter
Event: 2.759 Loading class java/io/CharArrayWriter done
Event: 2.763 Loading class java/nio/file/attribute/PosixFileAttributes
Event: 2.763 Loading class java/nio/file/attribute/PosixFileAttributes done
Event: 2.766 Loading class java/nio/file/StandardCopyOption
Event: 2.766 Loading class java/nio/file/StandardCopyOption done
Event: 2.766 Loading class sun/nio/fs/WindowsFileCopy
Event: 2.766 Loading class sun/nio/fs/WindowsFileCopy done

Classes unloaded (0 events):
No events

Classes redefined (0 events):
No events

Internal exceptions (20 events):
Event: 1.385 Thread 0x00000219839554c0 Exception <a 'java/lang/NoSuchMethodError'{0x000000072e9ec388}: 'java.lang.Object java.lang.invoke.DirectMethodHandle$Holder.invokeStatic(java.lang.Object, java.lang.Object, java.lang.Object, java.lang.Object, int)'> (0x000000072e9ec388) 
thrown [s\open\src\hotspot\share\interpreter\linkResolver.cpp, line 773]
Event: 1.385 Thread 0x00000219839554c0 Exception <a 'java/lang/NoSuchMethodError'{0x000000072e9f4168}: 'void java.lang.invoke.DirectMethodHandle$Holder.invokeSpecial(java.lang.Object, java.lang.Object, java.lang.Object, int)'> (0x000000072e9f4168) 
thrown [s\open\src\hotspot\share\interpreter\linkResolver.cpp, line 773]
Event: 1.386 Thread 0x00000219839554c0 Exception <a 'java/lang/NoSuchMethodError'{0x000000072e9f7a78}: 'void java.lang.invoke.DelegatingMethodHandle$Holder.reinvoke_L(java.lang.Object, java.lang.Object, int)'> (0x000000072e9f7a78) 
thrown [s\open\src\hotspot\share\interpreter\linkResolver.cpp, line 773]
Event: 1.636 Thread 0x00000219839554c0 Exception <a 'java/lang/NoSuchMethodError'{0x000000072ca71a20}: 'void java.lang.invoke.DirectMethodHandle$Holder.invokeStatic(java.lang.Object, java.lang.Object, java.lang.Object, java.lang.Object)'> (0x000000072ca71a20) 
thrown [s\open\src\hotspot\share\interpreter\linkResolver.cpp, line 773]
Event: 2.358 Thread 0x00000219839554c0 Implicit null exception at 0x00000219950fe51b to 0x00000219950fe714
Event: 2.358 Thread 0x00000219839554c0 Implicit null exception at 0x0000021995206f19 to 0x00000219952070f8
Event: 2.359 Thread 0x00000219839554c0 Implicit null exception at 0x00000219950cbebd to 0x00000219950cbf41
Event: 2.444 Thread 0x00000219839554c0 Exception <a 'java/lang/NoSuchMethodError'{0x0000000728cbce00}: 'java.lang.Object java.lang.invoke.DirectMethodHandle$Holder.newInvokeSpecial(java.lang.Object, java.lang.Object, java.lang.Object, java.lang.Object, java.lang.Object, java.lang.Object, java.lang.Object)'> (0x0000000728cbce00) 
thrown [s\open\src\hotspot\share\interpreter\linkResolver.cpp, line 773]
Event: 2.495 Thread 0x00000219839554c0 Exception <a 'java/lang/NoSuchMethodError'{0x0000000728b111a0}: 'int java.lang.invoke.DirectMethodHandle$Holder.invokeVirtual(java.lang.Object, java.lang.Object)'> (0x0000000728b111a0) 
thrown [s\open\src\hotspot\share\interpreter\linkResolver.cpp, line 773]
Event: 2.509 Thread 0x00000219839554c0 Implicit null exception at 0x00000219952443e9 to 0x0000021995244bc0
Event: 2.522 Thread 0x00000219839554c0 Exception <a 'java/lang/NoSuchMethodError'{0x00000007288829a0}: 'void java.lang.invoke.Invokers$Holder.invokeExact_MT(java.lang.Object, java.lang.Object, int, java.lang.Object)'> (0x00000007288829a0) 
thrown [s\open\src\hotspot\share\interpreter\linkResolver.cpp, line 773]
Event: 2.624 Thread 0x00000219839554c0 Exception <a 'sun/nio/fs/WindowsException'{0x0000000728696728}> (0x0000000728696728) 
thrown [s\open\src\hotspot\share\prims\jni.cpp, line 520]
Event: 2.625 Thread 0x00000219839554c0 Exception <a 'sun/nio/fs/WindowsException'{0x0000000728696d98}> (0x0000000728696d98) 
thrown [s\open\src\hotspot\share\prims\jni.cpp, line 520]
Event: 2.625 Thread 0x00000219839554c0 Exception <a 'sun/nio/fs/WindowsException'{0x0000000728697400}> (0x0000000728697400) 
thrown [s\open\src\hotspot\share\prims\jni.cpp, line 520]
Event: 2.625 Thread 0x00000219839554c0 Exception <a 'sun/nio/fs/WindowsException'{0x0000000728697a60}> (0x0000000728697a60) 
thrown [s\open\src\hotspot\share\prims\jni.cpp, line 520]
Event: 2.625 Thread 0x00000219839554c0 Exception <a 'sun/nio/fs/WindowsException'{0x00000007286980c0}> (0x00000007286980c0) 
thrown [s\open\src\hotspot\share\prims\jni.cpp, line 520]
Event: 2.626 Thread 0x00000219839554c0 Exception <a 'sun/nio/fs/WindowsException'{0x0000000728698718}> (0x0000000728698718) 
thrown [s\open\src\hotspot\share\prims\jni.cpp, line 520]
Event: 2.767 Thread 0x00000219839554c0 Exception <a 'sun/nio/fs/WindowsException'{0x000000072feb1068}> (0x000000072feb1068) 
thrown [s\open\src\hotspot\share\prims\jni.cpp, line 520]
Event: 2.768 Thread 0x00000219839554c0 Exception <a 'sun/nio/fs/WindowsException'{0x000000072feb2568}> (0x000000072feb2568) 
thrown [s\open\src\hotspot\share\prims\jni.cpp, line 520]
Event: 2.769 Thread 0x00000219839554c0 Exception <a 'sun/nio/fs/WindowsException'{0x000000072feb39a0}> (0x000000072feb39a0) 
thrown [s\open\src\hotspot\share\prims\jni.cpp, line 520]

ZGC Phase Switch (0 events):
No events

VM Operations (20 events):
Event: 1.299 Executing VM operation: HandshakeAllThreads (Deoptimize) done
Event: 1.379 Executing VM operation: ICBufferFull
Event: 1.379 Executing VM operation: ICBufferFull done
Event: 1.523 Executing VM operation: ICBufferFull
Event: 1.523 Executing VM operation: ICBufferFull done
Event: 1.766 Executing VM operation: ICBufferFull
Event: 1.766 Executing VM operation: ICBufferFull done
Event: 2.074 Executing VM operation: ICBufferFull
Event: 2.074 Executing VM operation: ICBufferFull done
Event: 2.447 Executing VM operation: ICBufferFull
Event: 2.447 Executing VM operation: ICBufferFull done
Event: 2.530 Executing VM operation: HandshakeAllThreads (Deoptimize)
Event: 2.530 Executing VM operation: HandshakeAllThreads (Deoptimize) done
Event: 2.624 Executing VM operation: ICBufferFull
Event: 2.625 Executing VM operation: ICBufferFull done
Event: 2.625 Executing VM operation: HandshakeAllThreads (Deoptimize)
Event: 2.625 Executing VM operation: HandshakeAllThreads (Deoptimize) done
Event: 2.718 Executing VM operation: G1CollectForAllocation (G1 Evacuation Pause)
Event: 2.727 Executing VM operation: G1CollectForAllocation (G1 Evacuation Pause) done
Event: 3.739 Executing VM operation: Cleanup

Events (16 events):
Event: 0.014 Thread 0x00000219839554c0 Thread added: 0x00000219839554c0
Event: 0.023 Thread 0x00000219a4423820 Thread added: 0x00000219a4423820
Event: 0.023 Thread 0x00000219a4424df0 Thread added: 0x00000219a4424df0
Event: 0.023 Thread 0x00000219a4426620 Thread added: 0x00000219a4426620
Event: 0.024 Thread 0x00000219a4429460 Thread added: 0x00000219a4429460
Event: 0.024 Thread 0x00000219a4428650 Thread added: 0x00000219a4428650
Event: 0.024 Thread 0x00000219a4568490 Thread added: 0x00000219a4568490
Event: 0.024 Thread 0x00000219a456b810 Thread added: 0x00000219a456b810
Event: 0.024 Thread 0x00000219a45720b0 Thread added: 0x00000219a45720b0
Event: 0.033 Thread 0x00000219a46ba530 Thread added: 0x00000219a46ba530
Event: 0.034 Thread 0x00000219a46bed80 Thread added: 0x00000219a46bed80
Event: 0.145 Thread 0x00000219a48eb3c0 Thread added: 0x00000219a48eb3c0
Event: 0.155 Thread 0x00000219a48eb3c0 Thread exited: 0x00000219a48eb3c0
Event: 0.214 Thread 0x00000219a4572780 Thread added: 0x00000219a4572780
Event: 0.448 Thread 0x00000219a4572e50 Thread added: 0x00000219a4572e50
Event: 1.281 Thread 0x00000219eb097a80 Thread added: 0x00000219eb097a80


Dynamic libraries:
0x00007ff7ca980000 - 0x00007ff7ca990000 	C:\Program Files\Java\jdk-21\bin\java.exe
0x00007fff9b760000 - 0x00007fff9b9c7000 	C:\WINDOWS\SYSTEM32\ntdll.dll
0x00007fff9a350000 - 0x00007fff9a419000 	C:\WINDOWS\System32\KERNEL32.DLL
0x00007fff98430000 - 0x00007fff98821000 	C:\WINDOWS\System32\KERNELBASE.dll
0x00007fff98040000 - 0x00007fff9818b000 	C:\WINDOWS\System32\ucrtbase.dll
0x00007fff83830000 - 0x00007fff8384b000 	C:\Program Files\Java\jdk-21\bin\VCRUNTIME140.dll
0x00007fff8bc90000 - 0x00007fff8bca9000 	C:\Program Files\Java\jdk-21\bin\jli.dll
0x00007fff99610000 - 0x00007fff996cb000 	C:\WINDOWS\System32\ADVAPI32.dll
0x00007fff99e60000 - 0x00007fff99f09000 	C:\WINDOWS\System32\msvcrt.dll
0x00007fff998a0000 - 0x00007fff99947000 	C:\WINDOWS\System32\sechost.dll
0x00007fff9b600000 - 0x00007fff9b718000 	C:\WINDOWS\System32\RPCRT4.dll
0x00007fff996d0000 - 0x00007fff99895000 	C:\WINDOWS\System32\USER32.dll
0x00007fff98bd0000 - 0x00007fff98bf7000 	C:\WINDOWS\System32\win32u.dll
0x00007fff897e0000 - 0x00007fff89a73000 	C:\WINDOWS\WinSxS\amd64_microsoft.windows.common-controls_6595b64144ccf1df_6.0.26100.8037_none_3e092faae333b53b\COMCTL32.dll
0x00007fff9a420000 - 0x00007fff9a44b000 	C:\WINDOWS\System32\GDI32.dll
0x00007fff98300000 - 0x00007fff9842b000 	C:\WINDOWS\System32\gdi32full.dll
0x00007fff98b20000 - 0x00007fff98bc3000 	C:\WINDOWS\System32\msvcp_win.dll
0x00007fff91dc0000 - 0x00007fff91dcb000 	C:\WINDOWS\SYSTEM32\VERSION.dll
0x00007fff9aba0000 - 0x00007fff9abd1000 	C:\WINDOWS\System32\IMM32.DLL
0x00007fff8e5d0000 - 0x00007fff8e5dc000 	C:\Program Files\Java\jdk-21\bin\vcruntime140_1.dll
0x00007fff76050000 - 0x00007fff760de000 	C:\Program Files\Java\jdk-21\bin\msvcp140.dll
0x00007fff16690000 - 0x00007fff173a7000 	C:\Program Files\Java\jdk-21\bin\server\jvm.dll
0x00007fff9a5a0000 - 0x00007fff9a614000 	C:\WINDOWS\System32\WS2_32.dll
0x00007fff96c10000 - 0x00007fff96c6e000 	C:\WINDOWS\SYSTEM32\POWRPROF.dll
0x00007fff8eee0000 - 0x00007fff8ef15000 	C:\WINDOWS\SYSTEM32\WINMM.dll
0x00007fff96bf0000 - 0x00007fff96c04000 	C:\WINDOWS\SYSTEM32\UMPDC.dll
0x00007fff96ec0000 - 0x00007fff96edb000 	C:\WINDOWS\SYSTEM32\kernel.appcore.dll
0x00007fff8e540000 - 0x00007fff8e54a000 	C:\Program Files\Java\jdk-21\bin\jimage.dll
0x00007fff95ff0000 - 0x00007fff96232000 	C:\WINDOWS\SYSTEM32\DBGHELP.DLL
0x00007fff9a780000 - 0x00007fff9ab02000 	C:\WINDOWS\System32\combase.dll
0x00007fff9a100000 - 0x00007fff9a1d7000 	C:\WINDOWS\System32\OLEAUT32.dll
0x00007fff7b750000 - 0x00007fff7b78b000 	C:\WINDOWS\SYSTEM32\dbgcore.DLL
0x00007fff98830000 - 0x00007fff988d5000 	C:\WINDOWS\System32\bcryptPrimitives.dll
0x00007fff83810000 - 0x00007fff8382f000 	C:\Program Files\Java\jdk-21\bin\java.dll
0x00007fff9ad90000 - 0x00007fff9b4ef000 	C:\WINDOWS\System32\SHELL32.dll
0x00007fff98190000 - 0x00007fff982fa000 	C:\WINDOWS\System32\wintypes.dll
0x00007fff98c00000 - 0x00007fff99464000 	C:\WINDOWS\System32\windows.storage.dll
0x00007fff9b500000 - 0x00007fff9b5f7000 	C:\WINDOWS\System32\SHCORE.dll
0x00007fff995a0000 - 0x00007fff99607000 	C:\WINDOWS\System32\shlwapi.dll
0x00007fff97f60000 - 0x00007fff97f89000 	C:\WINDOWS\SYSTEM32\profapi.dll
0x00007fff75e90000 - 0x00007fff75f67000 	C:\Program Files\Java\jdk-21\bin\jsvml.dll
0x00007fff8cfb0000 - 0x00007fff8cfc0000 	C:\Program Files\Java\jdk-21\bin\net.dll
0x00007fff91f40000 - 0x00007fff92067000 	C:\WINDOWS\SYSTEM32\WINHTTP.dll
0x00007fff97460000 - 0x00007fff974cb000 	C:\WINDOWS\system32\mswsock.dll
0x00007fff83780000 - 0x00007fff83796000 	C:\Program Files\Java\jdk-21\bin\nio.dll
0x00007fff82aa0000 - 0x00007fff82ab8000 	C:\Program Files\Java\jdk-21\bin\zip.dll
0x00007fff67960000 - 0x00007fff67984000 	C:\Users\LEGION\.m2\wrapper\dists\apache-maven-3.9.12\59fe215c0ad6947fea90184bf7add084544567b927287592651fda3782e0e798\lib\jansi-native\Windows\x86_64\jansi.dll
0x00007fff8d150000 - 0x00007fff8d160000 	C:\Program Files\Java\jdk-21\bin\verify.dll
0x00007fff96ff0000 - 0x00007fff97026000 	C:\WINDOWS\SYSTEM32\ntmarta.dll

dbghelp: loaded successfully - version: 4.0.5 - missing functions: none
symbol engine: initialized successfully - sym options: 0x614 - pdb path: .;C:\Program Files\Java\jdk-21\bin;C:\WINDOWS\SYSTEM32;C:\WINDOWS\WinSxS\amd64_microsoft.windows.common-controls_6595b64144ccf1df_6.0.26100.8037_none_3e092faae333b53b;C:\Program Files\Java\jdk-21\bin\server;C:\Users\LEGION\.m2\wrapper\dists\apache-maven-3.9.12\59fe215c0ad6947fea90184bf7add084544567b927287592651fda3782e0e798\lib\jansi-native\Windows\x86_64

VM Arguments:
jvm_args: --enable-native-access=ALL-UNNAMED -Dclassworlds.conf=C:\Users\LEGION\.m2\wrapper\dists\apache-maven-3.9.12\59fe215c0ad6947fea90184bf7add084544567b927287592651fda3782e0e798\bin\m2.conf -Dmaven.home=C:\Users\LEGION\.m2\wrapper\dists\apache-maven-3.9.12\59fe215c0ad6947fea90184bf7add084544567b927287592651fda3782e0e798 -Dlibrary.jansi.path=C:\Users\LEGION\.m2\wrapper\dists\apache-maven-3.9.12\59fe215c0ad6947fea90184bf7add084544567b927287592651fda3782e0e798\lib\jansi-native -Dmaven.multiModuleProjectDirectory=D:\HKII-2025-2026\KTTKPM_Nhom15_BE 
java_command: org.codehaus.plexus.classworlds.launcher.Launcher clean compile
java_class_path (initial): C:\Users\LEGION\.m2\wrapper\dists\apache-maven-3.9.12\59fe215c0ad6947fea90184bf7add084544567b927287592651fda3782e0e798\boot\plexus-classworlds-2.9.0.jar
Launcher Type: SUN_STANDARD

[Global flags]
     intx CICompilerCount                          = 4                                         {product} {ergonomic}
     uint ConcGCThreads                            = 3                                         {product} {ergonomic}
     uint G1ConcRefinementThreads                  = 10                                        {product} {ergonomic}
   size_t G1HeapRegionSize                         = 2097152                                   {product} {ergonomic}
    uintx GCDrainStackTargetSize                   = 64                                        {product} {ergonomic}
   size_t InitialHeapSize                          = 232783872                                 {product} {ergonomic}
   size_t MarkStackSize                            = 4194304                                   {product} {ergonomic}
   size_t MaxHeapSize                              = 3720347648                                {product} {ergonomic}
   size_t MaxNewSize                               = 2231369728                                {product} {ergonomic}
   size_t MinHeapDeltaBytes                        = 2097152                                   {product} {ergonomic}
   size_t MinHeapSize                              = 8388608                                   {product} {ergonomic}
    uintx NonNMethodCodeHeapSize                   = 5839372                                {pd product} {ergonomic}
    uintx NonProfiledCodeHeapSize                  = 122909434                              {pd product} {ergonomic}
    uintx ProfiledCodeHeapSize                     = 122909434                              {pd product} {ergonomic}
    uintx ReservedCodeCacheSize                    = 251658240                              {pd product} {ergonomic}
     bool SegmentedCodeCache                       = true                                      {product} {ergonomic}
   size_t SoftMaxHeapSize                          = 3720347648                             {manageable} {ergonomic}
     bool UseCompressedOops                        = true                           {product lp64_product} {ergonomic}
     bool UseG1GC                                  = true                                      {product} {ergonomic}
     bool UseLargePagesIndividualAllocation        = false                                  {pd product} {ergonomic}

Logging:
Log output configuration:
 #0: stdout all=warning uptime,level,tags foldmultilines=false
 #1: stderr all=off uptime,level,tags foldmultilines=false

Environment Variables:
PATH=C:\Program Files (x86)\Common Files\Intel\Shared Files\cpp\bin\Intel64;C:\Program Files\Common Files\Oracle\Java\javapath;C:\Program Files (x86)\Common Files\Oracle\Java\java8path;C:\Program Files (x86)\Common Files\Oracle\Java\javapath;C:\Program Files (x86)\PC Connectivity Solution\;C:\Windows\system32;C:\Windows;C:\Windows\System32\Wbem;C:\Windows\System32\WindowsPowerShell\v1.0\;C:\Windows\System32\OpenSSH\;C:\Program Files (x86)\NVIDIA Corporation\PhysX\Common;C:\Program Files\NVIDIA Corporation\NVIDIA NvDLISR;C:\WINDOWS\system32;C:\WINDOWS;C:\WINDOWS\System32\Wbem;C:\WINDOWS\System32\WindowsPowerShell\v1.0\;C:\WINDOWS\System32\OpenSSH\;C:\MinGW\bin;C:\Program Files (x86)\dotnet\;C:\Program Files\dotnet\;C:\Program Files\Cloudflare\Cloudflare WARP\;C:\Users\LEGION\AppData\Local\Microsoft\WindowsApps;C:\Users\LEGION\AppData\Local\Programs\Microsoft VS Code\bin;C:\adb;C:\Java\bin;C:\Program Files\MongoDB\Server\6.0\bin;C:\Program Files\MongoDB\Tools\100\bin;D:\lua;C:\Program Files (x86)\Microsoft SQL Server\160\Tools\Binn\;C:\Program Files\Microsoft SQL Server\160\Tools\Binn\;C:\Program Files\Microsoft SQL Server\Client SDK\ODBC\170\Tools\Binn\;C:\Program Files\Microsoft SQL Server\160\DTS\Binn\;C:\Program Files\Azure Data Studio\bin;C:\Program Files\Git\cmd;C:\Users\LEGION\AppData\Local\nvm;C:\nvm4w\nodejs;C:\Program Files\PostgreSQL\17\bin;C:\Program Files\Topaz Labs LLC\Topaz Gigapixel AI\bin\;C:\Program Files (x86)\cloudflared\;C:\Program Files\Docker\Docker\resources\bin;C:\WINDOWS\system32;C:\WINDOWS;C:\WINDOWS\System32\Wbem;C:\WINDOWS\System32\WindowsPowerShell\v1.0\;C:\WINDOWS\System32\OpenSSH\;C:\Users\LEGION\AppData\Local\Programs\Python\Launcher\;C:\Users\LEGION\AppData\Local\Microsoft\WindowsApps;C:\Users\LEGION\AppData\Local\Programs\Microsoft VS Code\bin;C:\Program Files\JetBrains\IntelliJ IDEA Community Edition 2023.2\bin;C:\Users\LEGION\AppData\Local\GitHubDesktop\bin;C:\Users\LEGION\AppData\Local\JetBrains\Toolbox\scripts;C:\Users\LEGION\AppData\Local\Programs\mongosh\;C:\Program Files\Azure Data Studio\bin;C:\Users\LEGION\AppData\Roaming\npm;C:\Users\LEGION\AppData\Local\nvm;C:\nvm4w\nodejs;C:\Users\LEGION\AppData\Local\Android\Sdk\platform-tools;C:\Users\LEGION\AppData\Local\Programs\cursor\resources\app\bin;C:\Users\LEGION\.dotnet\tools;C:\Users\LEGION\AppData\Local\Programs\Antigravity\bin;C:\Users\LEGION\AppData\Local\Microsoft\WindowsApps;
USERNAME=LEGION
LANG=en_US.UTF-8
OS=Windows_NT
PROCESSOR_IDENTIFIER=AMD64 Family 25 Model 80 Stepping 0, AuthenticAMD
TMP=C:\Users\LEGION\AppData\Local\Temp
TEMP=C:\Users\LEGION\AppData\Local\Temp




Periodic native trim disabled

---------------  S Y S T E M  ---------------

OS:
 Windows 11 , 64 bit Build 26100 (10.0.26100.7920)
OS uptime: 9 days 1:29 hours
Hyper-V role detected

CPU: total 12 (initial active 12) (12 cores per cpu, 2 threads per core) family 25 model 80 stepping 0 microcode 0xa50000c, cx8, cmov, fxsr, ht, mmx, 3dnowpref, sse, sse2, sse3, ssse3, sse4a, sse4.1, sse4.2, popcnt, lzcnt, tsc, tscinvbit, avx, avx2, aes, erms, clmul, bmi1, bmi2, adx, sha, fma, vzeroupper, clflush, clflushopt, hv, rdtscp, rdpid, fsrm, f16c, cet_ss
Processor Information for all 12 processors :
  Max Mhz: 3301, Current Mhz: 3301, Mhz Limit: 3301

Memory: 4k page, system-wide physical 14188M (1170M free)
TotalPageFile size 30572M (AvailPageFile size 3M)
current process WorkingSet (physical memory assigned to process): 259M, peak: 260M
current process commit charge ("private bytes"): 380M, peak: 381M

vm_info: Java HotSpot(TM) 64-Bit Server VM (21.0.2+13-LTS-58) for windows-amd64 JRE (21.0.2+13-LTS-58), built on 2024-01-05T18:32:24Z by "mach5one" with MS VC++ 17.1 (VS2022)

END.
